-rw-r--r-- 1 aria aria  85832 2011-06-02 23:50 Sound_Bass_Booster.txt
-rw-r--r-- 1 aria aria  85724 2011-06-02 23:50 Sound_Blues.txt
-rw-r--r-- 1 aria aria  85724 2011-06-02 23:50 Sound_Classical.txt
-rw-r--r-- 1 aria aria  85724 2011-06-02 23:50 Sound_Country.txt
-rw-r--r-- 1 aria aria  85724 2011-06-02 23:50 Sound_Jazz.txt
-rw-r--r-- 1 aria aria  85724 2011-06-02 23:50 Sound_Latin.txt
-rw-r--r-- 1 aria aria  85724 2011-06-02 23:50 Sound_New_Age.txt
-rw-r--r-- 1 aria aria   1806 2011-06-02 23:50 Sound_Original_BCLK.txt
-rw-r--r-- 1 aria aria   1806 2011-06-02 23:50 Sound_Original_Recording_BCLK.txt
-rw-r--r-- 1 aria aria   1806 2011-06-02 23:50 Sound_Original_Recording.txt
-rw-r--r-- 1 aria aria  54864 2011-06-02 23:50 Sound_Original_SPK_BCLK.txt
-rw-r--r-- 1 aria aria  56333 2011-06-02 23:50 Sound_Original_SPK.txt
-rw-r--r-- 1 aria aria   1806 2011-06-02 23:50 Sound_Original.txt
-rw-r--r-- 1 aria aria  54864 2011-06-02 23:50 Sound_Phone_Original_HP_BCLK.txt
-rw-r--r-- 1 aria aria  54864 2011-06-02 23:50 Sound_Phone_Original_HP.txt
-rw-r--r-- 1 aria aria 124083 2011-06-02 23:50 Sound_Phone_Original_REC_BCLK.txt
-rw-r--r-- 1 aria aria 216323 2011-06-02 23:50 Sound_Phone_Original_REC_NEL.txt
-rw-r--r-- 1 aria aria 407301 2011-06-02 23:50 Sound_Phone_Original_REC.txt
-rw-r--r-- 1 aria aria 407294 2011-06-02 23:50 Sound_Phone_Original_REC_WB.txt
-rw-r--r-- 1 aria aria  54864 2011-06-02 23:50 Sound_Phone_Original_SPK_BCLK.txt
-rw-r--r-- 1 aria aria 393373 2011-06-02 23:50 Sound_Phone_Original_SPK.txt
-rw-r--r-- 1 aria aria 393373 2011-06-02 23:50 Sound_Phone_Original_SPK_WB.txt
-rw-r--r-- 1 aria aria  85724 2011-06-02 23:50 Sound_Piano.txt
-rw-r--r-- 1 aria aria  85724 2011-06-02 23:50 Sound_Pop.txt
-rw-r--r-- 1 aria aria  85724 2011-06-02 23:50 Sound_R_B.txt
-rw-r--r-- 1 aria aria 299072 2011-06-02 23:50 Sound_Recording.txt
-rw-r--r-- 1 aria aria  85724 2011-06-02 23:50 Sound_Rock.txt
-rw-r--r-- 1 aria aria 130401 2011-06-02 23:50 Sound_SRS_A_HP.txt
-rw-r--r-- 1 aria aria 234970 2011-06-02 23:50 Sound_SRS_A_SPK.txt
-rw-r--r-- 1 aria aria 130401 2011-06-02 23:50 Sound_SRS_V_HP.txt
-rw-r--r-- 1 aria aria 180473 2011-06-02 23:50 Sound_SRS_V_SPK.txt
-rw-r--r-- 1 aria aria  85724 2011-06-02 23:50 Sound_Treble_Booster.txt
-rw-r--r-- 1 aria aria  85724 2011-06-02 23:50 Sound_Vocal_Booster.txt
